TN:
SF:index.js
FN:10,(anonymous_0)
FNF:1
FNH:1
FNDA:8,(anonymous_0)
DA:3,8
DA:4,8
DA:5,8
DA:6,8
DA:7,8
DA:8,8
DA:10,8
DA:11,8
DA:22,8
DA:23,8
DA:24,8
DA:26,8
DA:27,8
DA:29,8
DA:31,8
DA:32,0
DA:35,8
DA:36,8
DA:37,8
LF:19
LH:18
BRDA:31,0,0,0
BRDA:31,0,1,8
BRF:2
BRH:1
end_of_record
TN:
SF:lib\agent.js
FN:3,setupAgent
FN:4,createOrUpdate
FN:22,findById
FN:26,findByUuid
FN:34,findAll
FN:38,findConnected
FN:46,findByUsername
FNF:7
FNH:6
FNDA:8,setupAgent
FNDA:2,createOrUpdate
FNDA:1,findById
FNDA:0,findByUuid
FNDA:1,findAll
FNDA:1,findConnected
FNDA:1,findByUsername
DA:3,1
DA:5,2
DA:11,2
DA:13,2
DA:14,1
DA:15,1
DA:18,1
DA:19,1
DA:23,1
DA:27,0
DA:35,1
DA:39,1
DA:47,1
DA:55,8
LF:14
LH:13
BRDA:13,0,0,1
BRDA:13,0,1,1
BRDA:15,1,0,1
BRDA:15,1,1,0
BRF:4
BRH:3
end_of_record
TN:
SF:lib\db.js
FN:6,setupDatabase
FNF:1
FNH:1
FNDA:8,setupDatabase
DA:3,1
DA:4,1
DA:6,1
DA:7,8
DA:8,1
DA:10,8
LF:6
LH:6
BRDA:7,0,0,1
BRDA:7,0,1,7
BRF:2
BRH:2
end_of_record
TN:
SF:lib\metric.js
FN:3,setupMetric
FN:4,findByAgentUuid
FN:19,findByTypeAgentUuid
FN:38,create
FNF:4
FNH:1
FNDA:8,setupMetric
FNDA:0,findByAgentUuid
FNDA:0,findByTypeAgentUuid
FNDA:0,create
DA:3,1
DA:5,0
DA:20,0
DA:39,0
DA:43,0
DA:44,0
DA:45,0
DA:46,0
DA:50,8
LF:9
LH:2
BRDA:43,0,0,0
BRDA:43,0,1,0
BRF:2
BRH:0
end_of_record
TN:
SF:models\agent.js
FN:6,setupAgentModel
FNF:1
FNH:0
FNDA:0,setupAgentModel
DA:3,1
DA:4,1
DA:6,1
DA:7,0
DA:9,0
LF:5
LH:3
BRF:0
BRH:0
end_of_record
TN:
SF:models\metric.js
FN:6,setupMetricModel
FNF:1
FNH:0
FNDA:0,setupMetricModel
DA:3,1
DA:4,1
DA:6,1
DA:7,0
DA:9,0
LF:5
LH:3
BRF:0
BRH:0
end_of_record
